08-29-2024 08:43:45 [<module>:255] INFO : Initializing TPC-C benchmark using SqliteDriver
08-29-2024 08:43:45 [<module>:265] INFO : Loading TPC-C benchmark data using SqliteDriver
08-29-2024 09:01:10 [<module>:240] DEBUG: Loading configuration file '<_io.TextIOWrapper name='/Users/cxdorn/Git/ty-tpcc/pytpcc/sqlite.config' mode='r' encoding='UTF-8'>'
08-29-2024 09:04:03 [<module>:240] DEBUG: Loading configuration file '<_io.TextIOWrapper name='/Users/cxdorn/Git/ty-tpcc/pytpcc/sqlite.config' mode='r' encoding='UTF-8'>'
08-29-2024 09:09:59 [<module>:240] DEBUG: Loading configuration file '<_io.TextIOWrapper name='/Users/cxdorn/Git/ty-tpcc/pytpcc/sqlite.config' mode='r' encoding='UTF-8'>'
08-29-2024 09:11:11 [<module>:240] DEBUG: Loading configuration file '<_io.TextIOWrapper name='/Users/cxdorn/Git/ty-tpcc/pytpcc/sqlite.config' mode='r' encoding='UTF-8'>'
08-29-2024 09:15:43 [<module>:252] INFO : Reseting database
08-29-2024 09:17:54 [loadConfig:134] DEBUG: Deleting database '/tmp/tpcc.db'
08-29-2024 09:18:49 [loadConfig:138] DEBUG: Loading DDL file '/Users/cxdorn/Git/ty-tpcc/pytpcc/tpcc.sql'
08-29-2024 09:18:49 [<module>:255] INFO : Initializing TPC-C benchmark using SqliteDriver
08-29-2024 09:18:49 [<module>:260] DEBUG: Scale Parameters:
1000 items
4 warehouses
10 districts/warehouse
30 customers/district
9 initial new orders/district
08-29-2024 09:18:49 [<module>:265] INFO : Loading TPC-C benchmark data using SqliteDriver
08-29-2024 09:18:49 [execute:059] DEBUG: Loading ITEM table
08-29-2024 09:18:49 [loadItems:086] DEBUG: LOAD - ITEM:   500 / 1000
08-29-2024 09:18:49 [loadTuples:158] DEBUG: Loaded 500 tuples for tableName ITEM
08-29-2024 09:18:49 [loadItems:086] DEBUG: LOAD - ITEM:  1000 / 1000
08-29-2024 09:18:49 [loadTuples:158] DEBUG: Loaded 500 tuples for tableName ITEM
08-29-2024 09:18:49 [loadWarehouse:099] DEBUG: LOAD - WAREHOUSE: 1 / 4
08-29-2024 09:18:49 [loadTuples:158] DEBUG: Loaded 1 tuples for tableName WAREHOUSE
08-29-2024 09:18:49 [loadTuples:158] DEBUG: Loaded 1 tuples for tableName DISTRICT
08-29-2024 09:18:49 [loadTuples:158] DEBUG: Loaded 30 tuples for tableName CUSTOMER
08-29-2024 09:18:49 [loadTuples:158] DEBUG: Loaded 30 tuples for tableName ORDERS
08-29-2024 09:18:49 [loadTuples:158] DEBUG: Loaded 306 tuples for tableName ORDER_LINE
08-29-2024 09:18:49 [loadTuples:158] DEBUG: Loaded 9 tuples for tableName NEW_ORDER
08-29-2024 09:18:49 [loadTuples:158] DEBUG: Loaded 30 tuples for tableName HISTORY
08-29-2024 09:18:49 [loadTuples:158] DEBUG: Loaded 1 tuples for tableName DISTRICT
08-29-2024 09:18:49 [loadTuples:158] DEBUG: Loaded 30 tuples for tableName CUSTOMER
08-29-2024 09:18:49 [loadTuples:158] DEBUG: Loaded 30 tuples for tableName ORDERS
08-29-2024 09:18:49 [loadTuples:158] DEBUG: Loaded 298 tuples for tableName ORDER_LINE
08-29-2024 09:18:49 [loadTuples:158] DEBUG: Loaded 9 tuples for tableName NEW_ORDER
08-29-2024 09:18:49 [loadTuples:158] DEBUG: Loaded 30 tuples for tableName HISTORY
08-29-2024 09:18:49 [loadTuples:158] DEBUG: Loaded 1 tuples for tableName DISTRICT
08-29-2024 09:18:49 [loadTuples:158] DEBUG: Loaded 30 tuples for tableName CUSTOMER
08-29-2024 09:18:49 [loadTuples:158] DEBUG: Loaded 30 tuples for tableName ORDERS
08-29-2024 09:18:49 [loadTuples:158] DEBUG: Loaded 293 tuples for tableName ORDER_LINE
08-29-2024 09:18:49 [loadTuples:158] DEBUG: Loaded 9 tuples for tableName NEW_ORDER
08-29-2024 09:18:49 [loadTuples:158] DEBUG: Loaded 30 tuples for tableName HISTORY
08-29-2024 09:18:49 [loadTuples:158] DEBUG: Loaded 1 tuples for tableName DISTRICT
08-29-2024 09:18:49 [loadTuples:158] DEBUG: Loaded 30 tuples for tableName CUSTOMER
08-29-2024 09:18:49 [loadTuples:158] DEBUG: Loaded 30 tuples for tableName ORDERS
08-29-2024 09:18:49 [loadTuples:158] DEBUG: Loaded 270 tuples for tableName ORDER_LINE
08-29-2024 09:18:49 [loadTuples:158] DEBUG: Loaded 9 tuples for tableName NEW_ORDER
08-29-2024 09:18:49 [loadTuples:158] DEBUG: Loaded 30 tuples for tableName HISTORY
08-29-2024 09:18:49 [loadTuples:158] DEBUG: Loaded 1 tuples for tableName DISTRICT
08-29-2024 09:18:49 [loadTuples:158] DEBUG: Loaded 30 tuples for tableName CUSTOMER
08-29-2024 09:18:49 [loadTuples:158] DEBUG: Loaded 30 tuples for tableName ORDERS
08-29-2024 09:18:49 [loadTuples:158] DEBUG: Loaded 288 tuples for tableName ORDER_LINE
08-29-2024 09:18:49 [loadTuples:158] DEBUG: Loaded 9 tuples for tableName NEW_ORDER
08-29-2024 09:18:49 [loadTuples:158] DEBUG: Loaded 30 tuples for tableName HISTORY
08-29-2024 09:18:50 [loadTuples:158] DEBUG: Loaded 1 tuples for tableName DISTRICT
08-29-2024 09:18:50 [loadTuples:158] DEBUG: Loaded 30 tuples for tableName CUSTOMER
08-29-2024 09:18:50 [loadTuples:158] DEBUG: Loaded 30 tuples for tableName ORDERS
08-29-2024 09:18:50 [loadTuples:158] DEBUG: Loaded 316 tuples for tableName ORDER_LINE
08-29-2024 09:18:50 [loadTuples:158] DEBUG: Loaded 9 tuples for tableName NEW_ORDER
08-29-2024 09:18:50 [loadTuples:158] DEBUG: Loaded 30 tuples for tableName HISTORY
08-29-2024 09:18:50 [loadTuples:158] DEBUG: Loaded 1 tuples for tableName DISTRICT
08-29-2024 09:18:50 [loadTuples:158] DEBUG: Loaded 30 tuples for tableName CUSTOMER
08-29-2024 09:18:50 [loadTuples:158] DEBUG: Loaded 30 tuples for tableName ORDERS
08-29-2024 09:18:50 [loadTuples:158] DEBUG: Loaded 321 tuples for tableName ORDER_LINE
08-29-2024 09:18:50 [loadTuples:158] DEBUG: Loaded 9 tuples for tableName NEW_ORDER
08-29-2024 09:18:50 [loadTuples:158] DEBUG: Loaded 30 tuples for tableName HISTORY
08-29-2024 09:18:50 [loadTuples:158] DEBUG: Loaded 1 tuples for tableName DISTRICT
08-29-2024 09:18:50 [loadTuples:158] DEBUG: Loaded 30 tuples for tableName CUSTOMER
08-29-2024 09:18:50 [loadTuples:158] DEBUG: Loaded 30 tuples for tableName ORDERS
08-29-2024 09:18:50 [loadTuples:158] DEBUG: Loaded 319 tuples for tableName ORDER_LINE
08-29-2024 09:18:50 [loadTuples:158] DEBUG: Loaded 9 tuples for tableName NEW_ORDER
08-29-2024 09:18:50 [loadTuples:158] DEBUG: Loaded 30 tuples for tableName HISTORY
08-29-2024 09:18:50 [loadTuples:158] DEBUG: Loaded 1 tuples for tableName DISTRICT
08-29-2024 09:18:50 [loadTuples:158] DEBUG: Loaded 30 tuples for tableName CUSTOMER
08-29-2024 09:18:50 [loadTuples:158] DEBUG: Loaded 30 tuples for tableName ORDERS
08-29-2024 09:18:50 [loadTuples:158] DEBUG: Loaded 309 tuples for tableName ORDER_LINE
08-29-2024 09:18:50 [loadTuples:158] DEBUG: Loaded 9 tuples for tableName NEW_ORDER
08-29-2024 09:18:50 [loadTuples:158] DEBUG: Loaded 30 tuples for tableName HISTORY
08-29-2024 09:18:50 [loadTuples:158] DEBUG: Loaded 1 tuples for tableName DISTRICT
08-29-2024 09:18:50 [loadTuples:158] DEBUG: Loaded 30 tuples for tableName CUSTOMER
08-29-2024 09:18:50 [loadTuples:158] DEBUG: Loaded 30 tuples for tableName ORDERS
08-29-2024 09:18:50 [loadTuples:158] DEBUG: Loaded 297 tuples for tableName ORDER_LINE
08-29-2024 09:18:50 [loadTuples:158] DEBUG: Loaded 9 tuples for tableName NEW_ORDER
08-29-2024 09:18:50 [loadTuples:158] DEBUG: Loaded 30 tuples for tableName HISTORY
08-29-2024 09:18:50 [loadWarehouse:169] DEBUG: LOAD - STOCK [W_ID=1]:   499 / 1000
08-29-2024 09:18:50 [loadTuples:158] DEBUG: Loaded 500 tuples for tableName STOCK
08-29-2024 09:18:50 [loadWarehouse:169] DEBUG: LOAD - STOCK [W_ID=1]:   999 / 1000
08-29-2024 09:18:50 [loadTuples:158] DEBUG: Loaded 500 tuples for tableName STOCK
08-29-2024 09:18:50 [loadWarehouse:099] DEBUG: LOAD - WAREHOUSE: 2 / 4
08-29-2024 09:18:50 [loadTuples:158] DEBUG: Loaded 1 tuples for tableName WAREHOUSE
08-29-2024 09:18:50 [loadTuples:158] DEBUG: Loaded 1 tuples for tableName DISTRICT
08-29-2024 09:18:50 [loadTuples:158] DEBUG: Loaded 30 tuples for tableName CUSTOMER
08-29-2024 09:18:50 [loadTuples:158] DEBUG: Loaded 30 tuples for tableName ORDERS
08-29-2024 09:18:50 [loadTuples:158] DEBUG: Loaded 307 tuples for tableName ORDER_LINE
08-29-2024 09:18:50 [loadTuples:158] DEBUG: Loaded 9 tuples for tableName NEW_ORDER
08-29-2024 09:18:50 [loadTuples:158] DEBUG: Loaded 30 tuples for tableName HISTORY
08-29-2024 09:18:51 [loadTuples:158] DEBUG: Loaded 1 tuples for tableName DISTRICT
08-29-2024 09:18:51 [loadTuples:158] DEBUG: Loaded 30 tuples for tableName CUSTOMER
08-29-2024 09:18:51 [loadTuples:158] DEBUG: Loaded 30 tuples for tableName ORDERS
08-29-2024 09:18:51 [loadTuples:158] DEBUG: Loaded 316 tuples for tableName ORDER_LINE
08-29-2024 09:18:51 [loadTuples:158] DEBUG: Loaded 9 tuples for tableName NEW_ORDER
08-29-2024 09:18:51 [loadTuples:158] DEBUG: Loaded 30 tuples for tableName HISTORY
08-29-2024 09:18:51 [loadTuples:158] DEBUG: Loaded 1 tuples for tableName DISTRICT
08-29-2024 09:18:51 [loadTuples:158] DEBUG: Loaded 30 tuples for tableName CUSTOMER
08-29-2024 09:18:51 [loadTuples:158] DEBUG: Loaded 30 tuples for tableName ORDERS
08-29-2024 09:18:51 [loadTuples:158] DEBUG: Loaded 311 tuples for tableName ORDER_LINE
08-29-2024 09:18:51 [loadTuples:158] DEBUG: Loaded 9 tuples for tableName NEW_ORDER
08-29-2024 09:18:51 [loadTuples:158] DEBUG: Loaded 30 tuples for tableName HISTORY
08-29-2024 09:18:51 [loadTuples:158] DEBUG: Loaded 1 tuples for tableName DISTRICT
08-29-2024 09:18:51 [loadTuples:158] DEBUG: Loaded 30 tuples for tableName CUSTOMER
08-29-2024 09:18:51 [loadTuples:158] DEBUG: Loaded 30 tuples for tableName ORDERS
08-29-2024 09:18:51 [loadTuples:158] DEBUG: Loaded 301 tuples for tableName ORDER_LINE
08-29-2024 09:18:51 [loadTuples:158] DEBUG: Loaded 9 tuples for tableName NEW_ORDER
08-29-2024 09:18:51 [loadTuples:158] DEBUG: Loaded 30 tuples for tableName HISTORY
08-29-2024 09:18:51 [loadTuples:158] DEBUG: Loaded 1 tuples for tableName DISTRICT
08-29-2024 09:18:51 [loadTuples:158] DEBUG: Loaded 30 tuples for tableName CUSTOMER
08-29-2024 09:18:51 [loadTuples:158] DEBUG: Loaded 30 tuples for tableName ORDERS
08-29-2024 09:18:51 [loadTuples:158] DEBUG: Loaded 307 tuples for tableName ORDER_LINE
08-29-2024 09:18:51 [loadTuples:158] DEBUG: Loaded 9 tuples for tableName NEW_ORDER
08-29-2024 09:18:51 [loadTuples:158] DEBUG: Loaded 30 tuples for tableName HISTORY
08-29-2024 09:18:51 [loadTuples:158] DEBUG: Loaded 1 tuples for tableName DISTRICT
08-29-2024 09:18:51 [loadTuples:158] DEBUG: Loaded 30 tuples for tableName CUSTOMER
08-29-2024 09:18:51 [loadTuples:158] DEBUG: Loaded 30 tuples for tableName ORDERS
08-29-2024 09:18:51 [loadTuples:158] DEBUG: Loaded 303 tuples for tableName ORDER_LINE
08-29-2024 09:18:51 [loadTuples:158] DEBUG: Loaded 9 tuples for tableName NEW_ORDER
08-29-2024 09:18:51 [loadTuples:158] DEBUG: Loaded 30 tuples for tableName HISTORY
08-29-2024 09:18:51 [loadTuples:158] DEBUG: Loaded 1 tuples for tableName DISTRICT
08-29-2024 09:18:51 [loadTuples:158] DEBUG: Loaded 30 tuples for tableName CUSTOMER
08-29-2024 09:18:51 [loadTuples:158] DEBUG: Loaded 30 tuples for tableName ORDERS
08-29-2024 09:18:51 [loadTuples:158] DEBUG: Loaded 307 tuples for tableName ORDER_LINE
08-29-2024 09:18:51 [loadTuples:158] DEBUG: Loaded 9 tuples for tableName NEW_ORDER
08-29-2024 09:18:51 [loadTuples:158] DEBUG: Loaded 30 tuples for tableName HISTORY
08-29-2024 09:18:51 [loadTuples:158] DEBUG: Loaded 1 tuples for tableName DISTRICT
08-29-2024 09:18:51 [loadTuples:158] DEBUG: Loaded 30 tuples for tableName CUSTOMER
08-29-2024 09:18:51 [loadTuples:158] DEBUG: Loaded 30 tuples for tableName ORDERS
08-29-2024 09:18:51 [loadTuples:158] DEBUG: Loaded 288 tuples for tableName ORDER_LINE
08-29-2024 09:18:51 [loadTuples:158] DEBUG: Loaded 9 tuples for tableName NEW_ORDER
08-29-2024 09:18:51 [loadTuples:158] DEBUG: Loaded 30 tuples for tableName HISTORY
08-29-2024 09:18:51 [loadTuples:158] DEBUG: Loaded 1 tuples for tableName DISTRICT
08-29-2024 09:18:51 [loadTuples:158] DEBUG: Loaded 30 tuples for tableName CUSTOMER
08-29-2024 09:18:51 [loadTuples:158] DEBUG: Loaded 30 tuples for tableName ORDERS
08-29-2024 09:18:51 [loadTuples:158] DEBUG: Loaded 302 tuples for tableName ORDER_LINE
08-29-2024 09:18:51 [loadTuples:158] DEBUG: Loaded 9 tuples for tableName NEW_ORDER
08-29-2024 09:18:51 [loadTuples:158] DEBUG: Loaded 30 tuples for tableName HISTORY
08-29-2024 09:18:51 [loadTuples:158] DEBUG: Loaded 1 tuples for tableName DISTRICT
08-29-2024 09:18:51 [loadTuples:158] DEBUG: Loaded 30 tuples for tableName CUSTOMER
08-29-2024 09:18:51 [loadTuples:158] DEBUG: Loaded 30 tuples for tableName ORDERS
08-29-2024 09:18:51 [loadTuples:158] DEBUG: Loaded 332 tuples for tableName ORDER_LINE
08-29-2024 09:18:51 [loadTuples:158] DEBUG: Loaded 9 tuples for tableName NEW_ORDER
08-29-2024 09:18:51 [loadTuples:158] DEBUG: Loaded 30 tuples for tableName HISTORY
08-29-2024 09:18:51 [loadWarehouse:169] DEBUG: LOAD - STOCK [W_ID=2]:   499 / 1000
08-29-2024 09:18:51 [loadTuples:158] DEBUG: Loaded 500 tuples for tableName STOCK
08-29-2024 09:18:52 [loadWarehouse:169] DEBUG: LOAD - STOCK [W_ID=2]:   999 / 1000
08-29-2024 09:18:52 [loadTuples:158] DEBUG: Loaded 500 tuples for tableName STOCK
08-29-2024 09:18:52 [loadWarehouse:099] DEBUG: LOAD - WAREHOUSE: 3 / 4
08-29-2024 09:18:52 [loadTuples:158] DEBUG: Loaded 1 tuples for tableName WAREHOUSE
08-29-2024 09:18:52 [loadTuples:158] DEBUG: Loaded 1 tuples for tableName DISTRICT
08-29-2024 09:18:52 [loadTuples:158] DEBUG: Loaded 30 tuples for tableName CUSTOMER
08-29-2024 09:18:52 [loadTuples:158] DEBUG: Loaded 30 tuples for tableName ORDERS
08-29-2024 09:18:52 [loadTuples:158] DEBUG: Loaded 307 tuples for tableName ORDER_LINE
08-29-2024 09:18:52 [loadTuples:158] DEBUG: Loaded 9 tuples for tableName NEW_ORDER
08-29-2024 09:18:52 [loadTuples:158] DEBUG: Loaded 30 tuples for tableName HISTORY
08-29-2024 09:18:52 [loadTuples:158] DEBUG: Loaded 1 tuples for tableName DISTRICT
08-29-2024 09:18:52 [loadTuples:158] DEBUG: Loaded 30 tuples for tableName CUSTOMER
08-29-2024 09:18:52 [loadTuples:158] DEBUG: Loaded 30 tuples for tableName ORDERS
08-29-2024 09:18:52 [loadTuples:158] DEBUG: Loaded 290 tuples for tableName ORDER_LINE
08-29-2024 09:18:52 [loadTuples:158] DEBUG: Loaded 9 tuples for tableName NEW_ORDER
08-29-2024 09:18:52 [loadTuples:158] DEBUG: Loaded 30 tuples for tableName HISTORY
08-29-2024 09:18:52 [loadTuples:158] DEBUG: Loaded 1 tuples for tableName DISTRICT
08-29-2024 09:18:52 [loadTuples:158] DEBUG: Loaded 30 tuples for tableName CUSTOMER
08-29-2024 09:18:52 [loadTuples:158] DEBUG: Loaded 30 tuples for tableName ORDERS
08-29-2024 09:18:52 [loadTuples:158] DEBUG: Loaded 329 tuples for tableName ORDER_LINE
08-29-2024 09:18:52 [loadTuples:158] DEBUG: Loaded 9 tuples for tableName NEW_ORDER
08-29-2024 09:18:52 [loadTuples:158] DEBUG: Loaded 30 tuples for tableName HISTORY
08-29-2024 09:18:52 [loadTuples:158] DEBUG: Loaded 1 tuples for tableName DISTRICT
08-29-2024 09:18:52 [loadTuples:158] DEBUG: Loaded 30 tuples for tableName CUSTOMER
08-29-2024 09:18:52 [loadTuples:158] DEBUG: Loaded 30 tuples for tableName ORDERS
08-29-2024 09:18:52 [loadTuples:158] DEBUG: Loaded 299 tuples for tableName ORDER_LINE
08-29-2024 09:18:52 [loadTuples:158] DEBUG: Loaded 9 tuples for tableName NEW_ORDER
08-29-2024 09:18:52 [loadTuples:158] DEBUG: Loaded 30 tuples for tableName HISTORY
08-29-2024 09:18:52 [loadTuples:158] DEBUG: Loaded 1 tuples for tableName DISTRICT
08-29-2024 09:18:52 [loadTuples:158] DEBUG: Loaded 30 tuples for tableName CUSTOMER
08-29-2024 09:18:52 [loadTuples:158] DEBUG: Loaded 30 tuples for tableName ORDERS
08-29-2024 09:18:52 [loadTuples:158] DEBUG: Loaded 311 tuples for tableName ORDER_LINE
08-29-2024 09:18:52 [loadTuples:158] DEBUG: Loaded 9 tuples for tableName NEW_ORDER
08-29-2024 09:18:52 [loadTuples:158] DEBUG: Loaded 30 tuples for tableName HISTORY
08-29-2024 09:18:52 [loadTuples:158] DEBUG: Loaded 1 tuples for tableName DISTRICT
08-29-2024 09:18:52 [loadTuples:158] DEBUG: Loaded 30 tuples for tableName CUSTOMER
08-29-2024 09:18:52 [loadTuples:158] DEBUG: Loaded 30 tuples for tableName ORDERS
08-29-2024 09:18:52 [loadTuples:158] DEBUG: Loaded 299 tuples for tableName ORDER_LINE
08-29-2024 09:18:52 [loadTuples:158] DEBUG: Loaded 9 tuples for tableName NEW_ORDER
08-29-2024 09:18:52 [loadTuples:158] DEBUG: Loaded 30 tuples for tableName HISTORY
08-29-2024 09:18:52 [loadTuples:158] DEBUG: Loaded 1 tuples for tableName DISTRICT
08-29-2024 09:18:52 [loadTuples:158] DEBUG: Loaded 30 tuples for tableName CUSTOMER
08-29-2024 09:18:52 [loadTuples:158] DEBUG: Loaded 30 tuples for tableName ORDERS
08-29-2024 09:18:52 [loadTuples:158] DEBUG: Loaded 295 tuples for tableName ORDER_LINE
08-29-2024 09:18:52 [loadTuples:158] DEBUG: Loaded 9 tuples for tableName NEW_ORDER
08-29-2024 09:18:52 [loadTuples:158] DEBUG: Loaded 30 tuples for tableName HISTORY
08-29-2024 09:18:52 [loadTuples:158] DEBUG: Loaded 1 tuples for tableName DISTRICT
08-29-2024 09:18:52 [loadTuples:158] DEBUG: Loaded 30 tuples for tableName CUSTOMER
08-29-2024 09:18:52 [loadTuples:158] DEBUG: Loaded 30 tuples for tableName ORDERS
08-29-2024 09:18:52 [loadTuples:158] DEBUG: Loaded 267 tuples for tableName ORDER_LINE
08-29-2024 09:18:52 [loadTuples:158] DEBUG: Loaded 9 tuples for tableName NEW_ORDER
08-29-2024 09:18:52 [loadTuples:158] DEBUG: Loaded 30 tuples for tableName HISTORY
08-29-2024 09:18:52 [loadTuples:158] DEBUG: Loaded 1 tuples for tableName DISTRICT
08-29-2024 09:18:52 [loadTuples:158] DEBUG: Loaded 30 tuples for tableName CUSTOMER
08-29-2024 09:18:52 [loadTuples:158] DEBUG: Loaded 30 tuples for tableName ORDERS
08-29-2024 09:18:52 [loadTuples:158] DEBUG: Loaded 284 tuples for tableName ORDER_LINE
08-29-2024 09:18:52 [loadTuples:158] DEBUG: Loaded 9 tuples for tableName NEW_ORDER
08-29-2024 09:18:52 [loadTuples:158] DEBUG: Loaded 30 tuples for tableName HISTORY
08-29-2024 09:18:52 [loadTuples:158] DEBUG: Loaded 1 tuples for tableName DISTRICT
08-29-2024 09:18:52 [loadTuples:158] DEBUG: Loaded 30 tuples for tableName CUSTOMER
08-29-2024 09:18:52 [loadTuples:158] DEBUG: Loaded 30 tuples for tableName ORDERS
08-29-2024 09:18:52 [loadTuples:158] DEBUG: Loaded 322 tuples for tableName ORDER_LINE
08-29-2024 09:18:52 [loadTuples:158] DEBUG: Loaded 9 tuples for tableName NEW_ORDER
08-29-2024 09:18:52 [loadTuples:158] DEBUG: Loaded 30 tuples for tableName HISTORY
08-29-2024 09:18:53 [loadWarehouse:169] DEBUG: LOAD - STOCK [W_ID=3]:   499 / 1000
08-29-2024 09:18:53 [loadTuples:158] DEBUG: Loaded 500 tuples for tableName STOCK
08-29-2024 09:18:53 [loadWarehouse:169] DEBUG: LOAD - STOCK [W_ID=3]:   999 / 1000
08-29-2024 09:18:53 [loadTuples:158] DEBUG: Loaded 500 tuples for tableName STOCK
08-29-2024 09:18:53 [loadWarehouse:099] DEBUG: LOAD - WAREHOUSE: 4 / 4
08-29-2024 09:18:53 [loadTuples:158] DEBUG: Loaded 1 tuples for tableName WAREHOUSE
08-29-2024 09:18:53 [loadTuples:158] DEBUG: Loaded 1 tuples for tableName DISTRICT
08-29-2024 09:18:53 [loadTuples:158] DEBUG: Loaded 30 tuples for tableName CUSTOMER
08-29-2024 09:18:53 [loadTuples:158] DEBUG: Loaded 30 tuples for tableName ORDERS
08-29-2024 09:18:53 [loadTuples:158] DEBUG: Loaded 301 tuples for tableName ORDER_LINE
08-29-2024 09:18:53 [loadTuples:158] DEBUG: Loaded 9 tuples for tableName NEW_ORDER
08-29-2024 09:18:53 [loadTuples:158] DEBUG: Loaded 30 tuples for tableName HISTORY
08-29-2024 09:18:53 [loadTuples:158] DEBUG: Loaded 1 tuples for tableName DISTRICT
08-29-2024 09:18:53 [loadTuples:158] DEBUG: Loaded 30 tuples for tableName CUSTOMER
08-29-2024 09:18:53 [loadTuples:158] DEBUG: Loaded 30 tuples for tableName ORDERS
08-29-2024 09:18:53 [loadTuples:158] DEBUG: Loaded 295 tuples for tableName ORDER_LINE
08-29-2024 09:18:53 [loadTuples:158] DEBUG: Loaded 9 tuples for tableName NEW_ORDER
08-29-2024 09:18:53 [loadTuples:158] DEBUG: Loaded 30 tuples for tableName HISTORY
08-29-2024 09:18:53 [loadTuples:158] DEBUG: Loaded 1 tuples for tableName DISTRICT
08-29-2024 09:18:53 [loadTuples:158] DEBUG: Loaded 30 tuples for tableName CUSTOMER
08-29-2024 09:18:53 [loadTuples:158] DEBUG: Loaded 30 tuples for tableName ORDERS
08-29-2024 09:18:53 [loadTuples:158] DEBUG: Loaded 305 tuples for tableName ORDER_LINE
08-29-2024 09:18:53 [loadTuples:158] DEBUG: Loaded 9 tuples for tableName NEW_ORDER
08-29-2024 09:18:53 [loadTuples:158] DEBUG: Loaded 30 tuples for tableName HISTORY
08-29-2024 09:18:53 [loadTuples:158] DEBUG: Loaded 1 tuples for tableName DISTRICT
08-29-2024 09:18:53 [loadTuples:158] DEBUG: Loaded 30 tuples for tableName CUSTOMER
08-29-2024 09:18:53 [loadTuples:158] DEBUG: Loaded 30 tuples for tableName ORDERS
08-29-2024 09:18:53 [loadTuples:158] DEBUG: Loaded 289 tuples for tableName ORDER_LINE
08-29-2024 09:18:53 [loadTuples:158] DEBUG: Loaded 9 tuples for tableName NEW_ORDER
08-29-2024 09:18:53 [loadTuples:158] DEBUG: Loaded 30 tuples for tableName HISTORY
08-29-2024 09:18:53 [loadTuples:158] DEBUG: Loaded 1 tuples for tableName DISTRICT
08-29-2024 09:18:53 [loadTuples:158] DEBUG: Loaded 30 tuples for tableName CUSTOMER
08-29-2024 09:18:53 [loadTuples:158] DEBUG: Loaded 30 tuples for tableName ORDERS
08-29-2024 09:18:53 [loadTuples:158] DEBUG: Loaded 281 tuples for tableName ORDER_LINE
08-29-2024 09:18:53 [loadTuples:158] DEBUG: Loaded 9 tuples for tableName NEW_ORDER
08-29-2024 09:18:53 [loadTuples:158] DEBUG: Loaded 30 tuples for tableName HISTORY
08-29-2024 09:18:53 [loadTuples:158] DEBUG: Loaded 1 tuples for tableName DISTRICT
08-29-2024 09:18:53 [loadTuples:158] DEBUG: Loaded 30 tuples for tableName CUSTOMER
08-29-2024 09:18:53 [loadTuples:158] DEBUG: Loaded 30 tuples for tableName ORDERS
08-29-2024 09:18:53 [loadTuples:158] DEBUG: Loaded 314 tuples for tableName ORDER_LINE
08-29-2024 09:18:53 [loadTuples:158] DEBUG: Loaded 9 tuples for tableName NEW_ORDER
08-29-2024 09:18:53 [loadTuples:158] DEBUG: Loaded 30 tuples for tableName HISTORY
08-29-2024 09:18:53 [loadTuples:158] DEBUG: Loaded 1 tuples for tableName DISTRICT
08-29-2024 09:18:53 [loadTuples:158] DEBUG: Loaded 30 tuples for tableName CUSTOMER
08-29-2024 09:18:53 [loadTuples:158] DEBUG: Loaded 30 tuples for tableName ORDERS
08-29-2024 09:18:53 [loadTuples:158] DEBUG: Loaded 323 tuples for tableName ORDER_LINE
08-29-2024 09:18:53 [loadTuples:158] DEBUG: Loaded 9 tuples for tableName NEW_ORDER
08-29-2024 09:18:53 [loadTuples:158] DEBUG: Loaded 30 tuples for tableName HISTORY
08-29-2024 09:18:53 [loadTuples:158] DEBUG: Loaded 1 tuples for tableName DISTRICT
08-29-2024 09:18:53 [loadTuples:158] DEBUG: Loaded 30 tuples for tableName CUSTOMER
08-29-2024 09:18:53 [loadTuples:158] DEBUG: Loaded 30 tuples for tableName ORDERS
08-29-2024 09:18:53 [loadTuples:158] DEBUG: Loaded 297 tuples for tableName ORDER_LINE
08-29-2024 09:18:53 [loadTuples:158] DEBUG: Loaded 9 tuples for tableName NEW_ORDER
08-29-2024 09:18:53 [loadTuples:158] DEBUG: Loaded 30 tuples for tableName HISTORY
08-29-2024 09:18:53 [loadTuples:158] DEBUG: Loaded 1 tuples for tableName DISTRICT
08-29-2024 09:18:53 [loadTuples:158] DEBUG: Loaded 30 tuples for tableName CUSTOMER
08-29-2024 09:18:53 [loadTuples:158] DEBUG: Loaded 30 tuples for tableName ORDERS
08-29-2024 09:18:53 [loadTuples:158] DEBUG: Loaded 303 tuples for tableName ORDER_LINE
08-29-2024 09:18:53 [loadTuples:158] DEBUG: Loaded 9 tuples for tableName NEW_ORDER
08-29-2024 09:18:53 [loadTuples:158] DEBUG: Loaded 30 tuples for tableName HISTORY
08-29-2024 09:18:53 [loadTuples:158] DEBUG: Loaded 1 tuples for tableName DISTRICT
08-29-2024 09:18:53 [loadTuples:158] DEBUG: Loaded 30 tuples for tableName CUSTOMER
08-29-2024 09:18:53 [loadTuples:158] DEBUG: Loaded 30 tuples for tableName ORDERS
08-29-2024 09:18:53 [loadTuples:158] DEBUG: Loaded 292 tuples for tableName ORDER_LINE
08-29-2024 09:18:53 [loadTuples:158] DEBUG: Loaded 9 tuples for tableName NEW_ORDER
08-29-2024 09:18:53 [loadTuples:158] DEBUG: Loaded 30 tuples for tableName HISTORY
08-29-2024 09:18:54 [loadWarehouse:169] DEBUG: LOAD - STOCK [W_ID=4]:   499 / 1000
08-29-2024 09:18:54 [loadTuples:158] DEBUG: Loaded 500 tuples for tableName STOCK
08-29-2024 09:18:54 [loadWarehouse:169] DEBUG: LOAD - STOCK [W_ID=4]:   999 / 1000
08-29-2024 09:18:54 [loadTuples:158] DEBUG: Loaded 500 tuples for tableName STOCK
08-29-2024 09:18:54 [loadFinish:165] INFO : Commiting changes to database
08-29-2024 10:01:20 [<module>:240] DEBUG: Loading configuration file '<_io.TextIOWrapper name='/Users/cxdorn/Git/ty-tpcc/pytpcc/sqlite.config' mode='r' encoding='UTF-8'>'
08-29-2024 10:01:20 [<module>:252] INFO : Reseting database
08-29-2024 10:03:11 [<module>:240] DEBUG: Loading configuration file '<_io.TextIOWrapper name='/Users/cxdorn/Git/ty-tpcc/pytpcc/sqlite.config' mode='r' encoding='UTF-8'>'
08-29-2024 10:03:11 [<module>:252] INFO : Reseting database
08-29-2024 10:03:54 [loadConfig:133] DEBUG: Deleting database '/tmp/tpcc.db'
08-29-2024 10:03:54 [loadConfig:137] DEBUG: Loading DDL file '/Users/cxdorn/Git/ty-tpcc/pytpcc/tpcc.sql'
08-29-2024 10:03:54 [<module>:255] INFO : Initializing TPC-C benchmark using SqliteDriver
08-29-2024 10:03:54 [<module>:260] DEBUG: Scale Parameters:
1000 items
4 warehouses
10 districts/warehouse
30 customers/district
9 initial new orders/district
08-29-2024 10:03:54 [<module>:265] INFO : Loading TPC-C benchmark data using SqliteDriver
08-29-2024 10:03:54 [execute:059] DEBUG: Loading ITEM table
08-29-2024 10:03:54 [loadItems:086] DEBUG: LOAD - ITEM:   500 / 1000
08-29-2024 10:03:54 [loadTuples:157] DEBUG: Loaded 500 tuples for tableName ITEM
08-29-2024 10:03:54 [loadItems:086] DEBUG: LOAD - ITEM:  1000 / 1000
08-29-2024 10:03:54 [loadTuples:157] DEBUG: Loaded 500 tuples for tableName ITEM
08-29-2024 10:03:54 [loadWarehouse:099] DEBUG: LOAD - WAREHOUSE: 1 / 4
08-29-2024 10:03:54 [loadTuples:157] DEBUG: Loaded 1 tuples for tableName WAREHOUSE
08-29-2024 10:03:54 [loadTuples:157] DEBUG: Loaded 1 tuples for tableName DISTRICT
08-29-2024 10:03:54 [loadTuples:157] DEBUG: Loaded 30 tuples for tableName CUSTOMER
08-29-2024 10:03:54 [loadTuples:157] DEBUG: Loaded 30 tuples for tableName ORDERS
08-29-2024 10:03:54 [loadTuples:157] DEBUG: Loaded 304 tuples for tableName ORDER_LINE
08-29-2024 10:03:54 [loadTuples:157] DEBUG: Loaded 9 tuples for tableName NEW_ORDER
08-29-2024 10:03:54 [loadTuples:157] DEBUG: Loaded 30 tuples for tableName HISTORY
08-29-2024 10:03:54 [loadTuples:157] DEBUG: Loaded 1 tuples for tableName DISTRICT
08-29-2024 10:03:54 [loadTuples:157] DEBUG: Loaded 30 tuples for tableName CUSTOMER
08-29-2024 10:03:54 [loadTuples:157] DEBUG: Loaded 30 tuples for tableName ORDERS
08-29-2024 10:03:54 [loadTuples:157] DEBUG: Loaded 314 tuples for tableName ORDER_LINE
08-29-2024 10:03:54 [loadTuples:157] DEBUG: Loaded 9 tuples for tableName NEW_ORDER
08-29-2024 10:03:54 [loadTuples:157] DEBUG: Loaded 30 tuples for tableName HISTORY
08-29-2024 10:03:54 [loadTuples:157] DEBUG: Loaded 1 tuples for tableName DISTRICT
08-29-2024 10:03:54 [loadTuples:157] DEBUG: Loaded 30 tuples for tableName CUSTOMER
08-29-2024 10:03:54 [loadTuples:157] DEBUG: Loaded 30 tuples for tableName ORDERS
08-29-2024 10:03:54 [loadTuples:157] DEBUG: Loaded 332 tuples for tableName ORDER_LINE
08-29-2024 10:03:54 [loadTuples:157] DEBUG: Loaded 9 tuples for tableName NEW_ORDER
08-29-2024 10:03:54 [loadTuples:157] DEBUG: Loaded 30 tuples for tableName HISTORY
08-29-2024 10:03:54 [loadTuples:157] DEBUG: Loaded 1 tuples for tableName DISTRICT
08-29-2024 10:03:54 [loadTuples:157] DEBUG: Loaded 30 tuples for tableName CUSTOMER
08-29-2024 10:03:54 [loadTuples:157] DEBUG: Loaded 30 tuples for tableName ORDERS
08-29-2024 10:03:54 [loadTuples:157] DEBUG: Loaded 329 tuples for tableName ORDER_LINE
08-29-2024 10:03:54 [loadTuples:157] DEBUG: Loaded 9 tuples for tableName NEW_ORDER
08-29-2024 10:03:54 [loadTuples:157] DEBUG: Loaded 30 tuples for tableName HISTORY
08-29-2024 10:03:54 [loadTuples:157] DEBUG: Loaded 1 tuples for tableName DISTRICT
08-29-2024 10:03:54 [loadTuples:157] DEBUG: Loaded 30 tuples for tableName CUSTOMER
08-29-2024 10:03:54 [loadTuples:157] DEBUG: Loaded 30 tuples for tableName ORDERS
08-29-2024 10:03:54 [loadTuples:157] DEBUG: Loaded 307 tuples for tableName ORDER_LINE
08-29-2024 10:03:54 [loadTuples:157] DEBUG: Loaded 9 tuples for tableName NEW_ORDER
08-29-2024 10:03:54 [loadTuples:157] DEBUG: Loaded 30 tuples for tableName HISTORY
08-29-2024 10:03:54 [loadTuples:157] DEBUG: Loaded 1 tuples for tableName DISTRICT
08-29-2024 10:03:54 [loadTuples:157] DEBUG: Loaded 30 tuples for tableName CUSTOMER
08-29-2024 10:03:54 [loadTuples:157] DEBUG: Loaded 30 tuples for tableName ORDERS
08-29-2024 10:03:54 [loadTuples:157] DEBUG: Loaded 321 tuples for tableName ORDER_LINE
08-29-2024 10:03:54 [loadTuples:157] DEBUG: Loaded 9 tuples for tableName NEW_ORDER
08-29-2024 10:03:54 [loadTuples:157] DEBUG: Loaded 30 tuples for tableName HISTORY
08-29-2024 10:03:54 [loadTuples:157] DEBUG: Loaded 1 tuples for tableName DISTRICT
08-29-2024 10:03:54 [loadTuples:157] DEBUG: Loaded 30 tuples for tableName CUSTOMER
08-29-2024 10:03:54 [loadTuples:157] DEBUG: Loaded 30 tuples for tableName ORDERS
08-29-2024 10:03:54 [loadTuples:157] DEBUG: Loaded 279 tuples for tableName ORDER_LINE
08-29-2024 10:03:54 [loadTuples:157] DEBUG: Loaded 9 tuples for tableName NEW_ORDER
08-29-2024 10:03:54 [loadTuples:157] DEBUG: Loaded 30 tuples for tableName HISTORY
08-29-2024 10:03:54 [loadTuples:157] DEBUG: Loaded 1 tuples for tableName DISTRICT
08-29-2024 10:03:54 [loadTuples:157] DEBUG: Loaded 30 tuples for tableName CUSTOMER
08-29-2024 10:03:54 [loadTuples:157] DEBUG: Loaded 30 tuples for tableName ORDERS
08-29-2024 10:03:54 [loadTuples:157] DEBUG: Loaded 306 tuples for tableName ORDER_LINE
08-29-2024 10:03:54 [loadTuples:157] DEBUG: Loaded 9 tuples for tableName NEW_ORDER
08-29-2024 10:03:54 [loadTuples:157] DEBUG: Loaded 30 tuples for tableName HISTORY
08-29-2024 10:03:54 [loadTuples:157] DEBUG: Loaded 1 tuples for tableName DISTRICT
08-29-2024 10:03:54 [loadTuples:157] DEBUG: Loaded 30 tuples for tableName CUSTOMER
08-29-2024 10:03:54 [loadTuples:157] DEBUG: Loaded 30 tuples for tableName ORDERS
08-29-2024 10:03:54 [loadTuples:157] DEBUG: Loaded 290 tuples for tableName ORDER_LINE
08-29-2024 10:03:54 [loadTuples:157] DEBUG: Loaded 9 tuples for tableName NEW_ORDER
08-29-2024 10:03:54 [loadTuples:157] DEBUG: Loaded 30 tuples for tableName HISTORY
08-29-2024 10:03:54 [loadTuples:157] DEBUG: Loaded 1 tuples for tableName DISTRICT
08-29-2024 10:03:54 [loadTuples:157] DEBUG: Loaded 30 tuples for tableName CUSTOMER
08-29-2024 10:03:54 [loadTuples:157] DEBUG: Loaded 30 tuples for tableName ORDERS
08-29-2024 10:03:54 [loadTuples:157] DEBUG: Loaded 313 tuples for tableName ORDER_LINE
08-29-2024 10:03:54 [loadTuples:157] DEBUG: Loaded 9 tuples for tableName NEW_ORDER
08-29-2024 10:03:54 [loadTuples:157] DEBUG: Loaded 30 tuples for tableName HISTORY
08-29-2024 10:03:55 [loadWarehouse:169] DEBUG: LOAD - STOCK [W_ID=1]:   499 / 1000
08-29-2024 10:03:55 [loadTuples:157] DEBUG: Loaded 500 tuples for tableName STOCK
08-29-2024 10:03:55 [loadWarehouse:169] DEBUG: LOAD - STOCK [W_ID=1]:   999 / 1000
08-29-2024 10:03:55 [loadTuples:157] DEBUG: Loaded 500 tuples for tableName STOCK
08-29-2024 10:03:55 [loadWarehouse:099] DEBUG: LOAD - WAREHOUSE: 2 / 4
08-29-2024 10:03:55 [loadTuples:157] DEBUG: Loaded 1 tuples for tableName WAREHOUSE
08-29-2024 10:03:55 [loadTuples:157] DEBUG: Loaded 1 tuples for tableName DISTRICT
08-29-2024 10:03:55 [loadTuples:157] DEBUG: Loaded 30 tuples for tableName CUSTOMER
08-29-2024 10:03:55 [loadTuples:157] DEBUG: Loaded 30 tuples for tableName ORDERS
08-29-2024 10:03:55 [loadTuples:157] DEBUG: Loaded 305 tuples for tableName ORDER_LINE
08-29-2024 10:03:55 [loadTuples:157] DEBUG: Loaded 9 tuples for tableName NEW_ORDER
08-29-2024 10:03:55 [loadTuples:157] DEBUG: Loaded 30 tuples for tableName HISTORY
08-29-2024 10:03:55 [loadTuples:157] DEBUG: Loaded 1 tuples for tableName DISTRICT
08-29-2024 10:03:55 [loadTuples:157] DEBUG: Loaded 30 tuples for tableName CUSTOMER
08-29-2024 10:03:55 [loadTuples:157] DEBUG: Loaded 30 tuples for tableName ORDERS
08-29-2024 10:03:55 [loadTuples:157] DEBUG: Loaded 282 tuples for tableName ORDER_LINE
08-29-2024 10:03:55 [loadTuples:157] DEBUG: Loaded 9 tuples for tableName NEW_ORDER
08-29-2024 10:03:55 [loadTuples:157] DEBUG: Loaded 30 tuples for tableName HISTORY
08-29-2024 10:03:55 [loadTuples:157] DEBUG: Loaded 1 tuples for tableName DISTRICT
08-29-2024 10:03:55 [loadTuples:157] DEBUG: Loaded 30 tuples for tableName CUSTOMER
08-29-2024 10:03:55 [loadTuples:157] DEBUG: Loaded 30 tuples for tableName ORDERS
08-29-2024 10:03:55 [loadTuples:157] DEBUG: Loaded 301 tuples for tableName ORDER_LINE
08-29-2024 10:03:55 [loadTuples:157] DEBUG: Loaded 9 tuples for tableName NEW_ORDER
08-29-2024 10:03:55 [loadTuples:157] DEBUG: Loaded 30 tuples for tableName HISTORY
08-29-2024 10:03:55 [loadTuples:157] DEBUG: Loaded 1 tuples for tableName DISTRICT
08-29-2024 10:03:55 [loadTuples:157] DEBUG: Loaded 30 tuples for tableName CUSTOMER
08-29-2024 10:03:55 [loadTuples:157] DEBUG: Loaded 30 tuples for tableName ORDERS
08-29-2024 10:03:55 [loadTuples:157] DEBUG: Loaded 290 tuples for tableName ORDER_LINE
08-29-2024 10:03:55 [loadTuples:157] DEBUG: Loaded 9 tuples for tableName NEW_ORDER
08-29-2024 10:03:55 [loadTuples:157] DEBUG: Loaded 30 tuples for tableName HISTORY
08-29-2024 10:03:55 [loadTuples:157] DEBUG: Loaded 1 tuples for tableName DISTRICT
08-29-2024 10:03:55 [loadTuples:157] DEBUG: Loaded 30 tuples for tableName CUSTOMER
08-29-2024 10:03:55 [loadTuples:157] DEBUG: Loaded 30 tuples for tableName ORDERS
08-29-2024 10:03:55 [loadTuples:157] DEBUG: Loaded 298 tuples for tableName ORDER_LINE
08-29-2024 10:03:55 [loadTuples:157] DEBUG: Loaded 9 tuples for tableName NEW_ORDER
08-29-2024 10:03:55 [loadTuples:157] DEBUG: Loaded 30 tuples for tableName HISTORY
08-29-2024 10:03:55 [loadTuples:157] DEBUG: Loaded 1 tuples for tableName DISTRICT
08-29-2024 10:03:55 [loadTuples:157] DEBUG: Loaded 30 tuples for tableName CUSTOMER
08-29-2024 10:03:55 [loadTuples:157] DEBUG: Loaded 30 tuples for tableName ORDERS
08-29-2024 10:03:55 [loadTuples:157] DEBUG: Loaded 323 tuples for tableName ORDER_LINE
08-29-2024 10:03:55 [loadTuples:157] DEBUG: Loaded 9 tuples for tableName NEW_ORDER
08-29-2024 10:03:55 [loadTuples:157] DEBUG: Loaded 30 tuples for tableName HISTORY
08-29-2024 10:03:55 [loadTuples:157] DEBUG: Loaded 1 tuples for tableName DISTRICT
08-29-2024 10:03:55 [loadTuples:157] DEBUG: Loaded 30 tuples for tableName CUSTOMER
08-29-2024 10:03:55 [loadTuples:157] DEBUG: Loaded 30 tuples for tableName ORDERS
08-29-2024 10:03:55 [loadTuples:157] DEBUG: Loaded 293 tuples for tableName ORDER_LINE
08-29-2024 10:03:55 [loadTuples:157] DEBUG: Loaded 9 tuples for tableName NEW_ORDER
08-29-2024 10:03:55 [loadTuples:157] DEBUG: Loaded 30 tuples for tableName HISTORY
08-29-2024 10:03:56 [loadTuples:157] DEBUG: Loaded 1 tuples for tableName DISTRICT
08-29-2024 10:03:56 [loadTuples:157] DEBUG: Loaded 30 tuples for tableName CUSTOMER
08-29-2024 10:03:56 [loadTuples:157] DEBUG: Loaded 30 tuples for tableName ORDERS
08-29-2024 10:03:56 [loadTuples:157] DEBUG: Loaded 340 tuples for tableName ORDER_LINE
08-29-2024 10:03:56 [loadTuples:157] DEBUG: Loaded 9 tuples for tableName NEW_ORDER
08-29-2024 10:03:56 [loadTuples:157] DEBUG: Loaded 30 tuples for tableName HISTORY
08-29-2024 10:03:56 [loadTuples:157] DEBUG: Loaded 1 tuples for tableName DISTRICT
08-29-2024 10:03:56 [loadTuples:157] DEBUG: Loaded 30 tuples for tableName CUSTOMER
08-29-2024 10:03:56 [loadTuples:157] DEBUG: Loaded 30 tuples for tableName ORDERS
08-29-2024 10:03:56 [loadTuples:157] DEBUG: Loaded 286 tuples for tableName ORDER_LINE
08-29-2024 10:03:56 [loadTuples:157] DEBUG: Loaded 9 tuples for tableName NEW_ORDER
08-29-2024 10:03:56 [loadTuples:157] DEBUG: Loaded 30 tuples for tableName HISTORY
08-29-2024 10:03:56 [loadTuples:157] DEBUG: Loaded 1 tuples for tableName DISTRICT
08-29-2024 10:03:56 [loadTuples:157] DEBUG: Loaded 30 tuples for tableName CUSTOMER
08-29-2024 10:03:56 [loadTuples:157] DEBUG: Loaded 30 tuples for tableName ORDERS
08-29-2024 10:03:56 [loadTuples:157] DEBUG: Loaded 303 tuples for tableName ORDER_LINE
08-29-2024 10:03:56 [loadTuples:157] DEBUG: Loaded 9 tuples for tableName NEW_ORDER
08-29-2024 10:03:56 [loadTuples:157] DEBUG: Loaded 30 tuples for tableName HISTORY
08-29-2024 10:03:56 [loadWarehouse:169] DEBUG: LOAD - STOCK [W_ID=2]:   499 / 1000
08-29-2024 10:03:56 [loadTuples:157] DEBUG: Loaded 500 tuples for tableName STOCK
08-29-2024 10:03:56 [loadWarehouse:169] DEBUG: LOAD - STOCK [W_ID=2]:   999 / 1000
08-29-2024 10:03:56 [loadTuples:157] DEBUG: Loaded 500 tuples for tableName STOCK
08-29-2024 10:03:56 [loadWarehouse:099] DEBUG: LOAD - WAREHOUSE: 3 / 4
08-29-2024 10:03:56 [loadTuples:157] DEBUG: Loaded 1 tuples for tableName WAREHOUSE
08-29-2024 10:03:56 [loadTuples:157] DEBUG: Loaded 1 tuples for tableName DISTRICT
08-29-2024 10:03:56 [loadTuples:157] DEBUG: Loaded 30 tuples for tableName CUSTOMER
08-29-2024 10:03:56 [loadTuples:157] DEBUG: Loaded 30 tuples for tableName ORDERS
08-29-2024 10:03:56 [loadTuples:157] DEBUG: Loaded 293 tuples for tableName ORDER_LINE
08-29-2024 10:03:56 [loadTuples:157] DEBUG: Loaded 9 tuples for tableName NEW_ORDER
08-29-2024 10:03:56 [loadTuples:157] DEBUG: Loaded 30 tuples for tableName HISTORY
08-29-2024 10:03:56 [loadTuples:157] DEBUG: Loaded 1 tuples for tableName DISTRICT
08-29-2024 10:03:56 [loadTuples:157] DEBUG: Loaded 30 tuples for tableName CUSTOMER
08-29-2024 10:03:56 [loadTuples:157] DEBUG: Loaded 30 tuples for tableName ORDERS
08-29-2024 10:03:56 [loadTuples:157] DEBUG: Loaded 301 tuples for tableName ORDER_LINE
08-29-2024 10:03:56 [loadTuples:157] DEBUG: Loaded 9 tuples for tableName NEW_ORDER
08-29-2024 10:03:56 [loadTuples:157] DEBUG: Loaded 30 tuples for tableName HISTORY
08-29-2024 10:03:56 [loadTuples:157] DEBUG: Loaded 1 tuples for tableName DISTRICT
08-29-2024 10:03:56 [loadTuples:157] DEBUG: Loaded 30 tuples for tableName CUSTOMER
08-29-2024 10:03:56 [loadTuples:157] DEBUG: Loaded 30 tuples for tableName ORDERS
08-29-2024 10:03:56 [loadTuples:157] DEBUG: Loaded 315 tuples for tableName ORDER_LINE
08-29-2024 10:03:56 [loadTuples:157] DEBUG: Loaded 9 tuples for tableName NEW_ORDER
08-29-2024 10:03:56 [loadTuples:157] DEBUG: Loaded 30 tuples for tableName HISTORY
08-29-2024 10:03:57 [loadTuples:157] DEBUG: Loaded 1 tuples for tableName DISTRICT
08-29-2024 10:03:57 [loadTuples:157] DEBUG: Loaded 30 tuples for tableName CUSTOMER
08-29-2024 10:03:57 [loadTuples:157] DEBUG: Loaded 30 tuples for tableName ORDERS
08-29-2024 10:03:57 [loadTuples:157] DEBUG: Loaded 303 tuples for tableName ORDER_LINE
08-29-2024 10:03:57 [loadTuples:157] DEBUG: Loaded 9 tuples for tableName NEW_ORDER
08-29-2024 10:03:57 [loadTuples:157] DEBUG: Loaded 30 tuples for tableName HISTORY
08-29-2024 10:03:57 [loadTuples:157] DEBUG: Loaded 1 tuples for tableName DISTRICT
08-29-2024 10:03:57 [loadTuples:157] DEBUG: Loaded 30 tuples for tableName CUSTOMER
08-29-2024 10:03:57 [loadTuples:157] DEBUG: Loaded 30 tuples for tableName ORDERS
08-29-2024 10:03:57 [loadTuples:157] DEBUG: Loaded 316 tuples for tableName ORDER_LINE
08-29-2024 10:03:57 [loadTuples:157] DEBUG: Loaded 9 tuples for tableName NEW_ORDER
08-29-2024 10:03:57 [loadTuples:157] DEBUG: Loaded 30 tuples for tableName HISTORY
08-29-2024 10:03:57 [loadTuples:157] DEBUG: Loaded 1 tuples for tableName DISTRICT
08-29-2024 10:03:57 [loadTuples:157] DEBUG: Loaded 30 tuples for tableName CUSTOMER
08-29-2024 10:03:57 [loadTuples:157] DEBUG: Loaded 30 tuples for tableName ORDERS
08-29-2024 10:03:57 [loadTuples:157] DEBUG: Loaded 298 tuples for tableName ORDER_LINE
08-29-2024 10:03:57 [loadTuples:157] DEBUG: Loaded 9 tuples for tableName NEW_ORDER
08-29-2024 10:03:57 [loadTuples:157] DEBUG: Loaded 30 tuples for tableName HISTORY
08-29-2024 10:03:57 [loadTuples:157] DEBUG: Loaded 1 tuples for tableName DISTRICT
08-29-2024 10:03:57 [loadTuples:157] DEBUG: Loaded 30 tuples for tableName CUSTOMER
08-29-2024 10:03:57 [loadTuples:157] DEBUG: Loaded 30 tuples for tableName ORDERS
08-29-2024 10:03:57 [loadTuples:157] DEBUG: Loaded 303 tuples for tableName ORDER_LINE
08-29-2024 10:03:57 [loadTuples:157] DEBUG: Loaded 9 tuples for tableName NEW_ORDER
08-29-2024 10:03:57 [loadTuples:157] DEBUG: Loaded 30 tuples for tableName HISTORY
08-29-2024 10:03:57 [loadTuples:157] DEBUG: Loaded 1 tuples for tableName DISTRICT
08-29-2024 10:03:57 [loadTuples:157] DEBUG: Loaded 30 tuples for tableName CUSTOMER
08-29-2024 10:03:57 [loadTuples:157] DEBUG: Loaded 30 tuples for tableName ORDERS
08-29-2024 10:03:57 [loadTuples:157] DEBUG: Loaded 310 tuples for tableName ORDER_LINE
08-29-2024 10:03:57 [loadTuples:157] DEBUG: Loaded 9 tuples for tableName NEW_ORDER
08-29-2024 10:03:57 [loadTuples:157] DEBUG: Loaded 30 tuples for tableName HISTORY
08-29-2024 10:03:57 [loadTuples:157] DEBUG: Loaded 1 tuples for tableName DISTRICT
08-29-2024 10:03:57 [loadTuples:157] DEBUG: Loaded 30 tuples for tableName CUSTOMER
08-29-2024 10:03:57 [loadTuples:157] DEBUG: Loaded 30 tuples for tableName ORDERS
08-29-2024 10:03:57 [loadTuples:157] DEBUG: Loaded 305 tuples for tableName ORDER_LINE
08-29-2024 10:03:57 [loadTuples:157] DEBUG: Loaded 9 tuples for tableName NEW_ORDER
08-29-2024 10:03:57 [loadTuples:157] DEBUG: Loaded 30 tuples for tableName HISTORY
08-29-2024 10:03:57 [loadTuples:157] DEBUG: Loaded 1 tuples for tableName DISTRICT
08-29-2024 10:03:57 [loadTuples:157] DEBUG: Loaded 30 tuples for tableName CUSTOMER
08-29-2024 10:03:57 [loadTuples:157] DEBUG: Loaded 30 tuples for tableName ORDERS
08-29-2024 10:03:57 [loadTuples:157] DEBUG: Loaded 294 tuples for tableName ORDER_LINE
08-29-2024 10:03:57 [loadTuples:157] DEBUG: Loaded 9 tuples for tableName NEW_ORDER
08-29-2024 10:03:57 [loadTuples:157] DEBUG: Loaded 30 tuples for tableName HISTORY
08-29-2024 10:03:57 [loadWarehouse:169] DEBUG: LOAD - STOCK [W_ID=3]:   499 / 1000
08-29-2024 10:03:57 [loadTuples:157] DEBUG: Loaded 500 tuples for tableName STOCK
08-29-2024 10:03:58 [loadWarehouse:169] DEBUG: LOAD - STOCK [W_ID=3]:   999 / 1000
08-29-2024 10:03:58 [loadTuples:157] DEBUG: Loaded 500 tuples for tableName STOCK
08-29-2024 10:03:58 [loadWarehouse:099] DEBUG: LOAD - WAREHOUSE: 4 / 4
08-29-2024 10:03:58 [loadTuples:157] DEBUG: Loaded 1 tuples for tableName WAREHOUSE
08-29-2024 10:03:58 [loadTuples:157] DEBUG: Loaded 1 tuples for tableName DISTRICT
08-29-2024 10:03:58 [loadTuples:157] DEBUG: Loaded 30 tuples for tableName CUSTOMER
08-29-2024 10:03:58 [loadTuples:157] DEBUG: Loaded 30 tuples for tableName ORDERS
08-29-2024 10:03:58 [loadTuples:157] DEBUG: Loaded 319 tuples for tableName ORDER_LINE
08-29-2024 10:03:58 [loadTuples:157] DEBUG: Loaded 9 tuples for tableName NEW_ORDER
08-29-2024 10:03:58 [loadTuples:157] DEBUG: Loaded 30 tuples for tableName HISTORY
08-29-2024 10:03:58 [loadTuples:157] DEBUG: Loaded 1 tuples for tableName DISTRICT
08-29-2024 10:03:58 [loadTuples:157] DEBUG: Loaded 30 tuples for tableName CUSTOMER
08-29-2024 10:03:58 [loadTuples:157] DEBUG: Loaded 30 tuples for tableName ORDERS
08-29-2024 10:03:58 [loadTuples:157] DEBUG: Loaded 285 tuples for tableName ORDER_LINE
08-29-2024 10:03:58 [loadTuples:157] DEBUG: Loaded 9 tuples for tableName NEW_ORDER
08-29-2024 10:03:58 [loadTuples:157] DEBUG: Loaded 30 tuples for tableName HISTORY
08-29-2024 10:03:58 [loadTuples:157] DEBUG: Loaded 1 tuples for tableName DISTRICT
08-29-2024 10:03:58 [loadTuples:157] DEBUG: Loaded 30 tuples for tableName CUSTOMER
08-29-2024 10:03:58 [loadTuples:157] DEBUG: Loaded 30 tuples for tableName ORDERS
08-29-2024 10:03:58 [loadTuples:157] DEBUG: Loaded 313 tuples for tableName ORDER_LINE
08-29-2024 10:03:58 [loadTuples:157] DEBUG: Loaded 9 tuples for tableName NEW_ORDER
08-29-2024 10:03:58 [loadTuples:157] DEBUG: Loaded 30 tuples for tableName HISTORY
08-29-2024 10:03:58 [loadTuples:157] DEBUG: Loaded 1 tuples for tableName DISTRICT
08-29-2024 10:03:58 [loadTuples:157] DEBUG: Loaded 30 tuples for tableName CUSTOMER
08-29-2024 10:03:58 [loadTuples:157] DEBUG: Loaded 30 tuples for tableName ORDERS
08-29-2024 10:03:58 [loadTuples:157] DEBUG: Loaded 292 tuples for tableName ORDER_LINE
08-29-2024 10:03:58 [loadTuples:157] DEBUG: Loaded 9 tuples for tableName NEW_ORDER
08-29-2024 10:03:58 [loadTuples:157] DEBUG: Loaded 30 tuples for tableName HISTORY
08-29-2024 10:03:58 [loadTuples:157] DEBUG: Loaded 1 tuples for tableName DISTRICT
08-29-2024 10:03:58 [loadTuples:157] DEBUG: Loaded 30 tuples for tableName CUSTOMER
08-29-2024 10:03:58 [loadTuples:157] DEBUG: Loaded 30 tuples for tableName ORDERS
08-29-2024 10:03:58 [loadTuples:157] DEBUG: Loaded 281 tuples for tableName ORDER_LINE
08-29-2024 10:03:58 [loadTuples:157] DEBUG: Loaded 9 tuples for tableName NEW_ORDER
08-29-2024 10:03:58 [loadTuples:157] DEBUG: Loaded 30 tuples for tableName HISTORY
08-29-2024 10:03:58 [loadTuples:157] DEBUG: Loaded 1 tuples for tableName DISTRICT
08-29-2024 10:03:58 [loadTuples:157] DEBUG: Loaded 30 tuples for tableName CUSTOMER
08-29-2024 10:03:58 [loadTuples:157] DEBUG: Loaded 30 tuples for tableName ORDERS
08-29-2024 10:03:58 [loadTuples:157] DEBUG: Loaded 313 tuples for tableName ORDER_LINE
08-29-2024 10:03:58 [loadTuples:157] DEBUG: Loaded 9 tuples for tableName NEW_ORDER
08-29-2024 10:03:58 [loadTuples:157] DEBUG: Loaded 30 tuples for tableName HISTORY
08-29-2024 10:03:58 [loadTuples:157] DEBUG: Loaded 1 tuples for tableName DISTRICT
08-29-2024 10:03:58 [loadTuples:157] DEBUG: Loaded 30 tuples for tableName CUSTOMER
08-29-2024 10:03:58 [loadTuples:157] DEBUG: Loaded 30 tuples for tableName ORDERS
08-29-2024 10:03:58 [loadTuples:157] DEBUG: Loaded 281 tuples for tableName ORDER_LINE
08-29-2024 10:03:58 [loadTuples:157] DEBUG: Loaded 9 tuples for tableName NEW_ORDER
08-29-2024 10:03:58 [loadTuples:157] DEBUG: Loaded 30 tuples for tableName HISTORY
08-29-2024 10:03:58 [loadTuples:157] DEBUG: Loaded 1 tuples for tableName DISTRICT
08-29-2024 10:03:58 [loadTuples:157] DEBUG: Loaded 30 tuples for tableName CUSTOMER
08-29-2024 10:03:58 [loadTuples:157] DEBUG: Loaded 30 tuples for tableName ORDERS
08-29-2024 10:03:58 [loadTuples:157] DEBUG: Loaded 285 tuples for tableName ORDER_LINE
08-29-2024 10:03:58 [loadTuples:157] DEBUG: Loaded 9 tuples for tableName NEW_ORDER
08-29-2024 10:03:58 [loadTuples:157] DEBUG: Loaded 30 tuples for tableName HISTORY
08-29-2024 10:03:58 [loadTuples:157] DEBUG: Loaded 1 tuples for tableName DISTRICT
08-29-2024 10:03:58 [loadTuples:157] DEBUG: Loaded 30 tuples for tableName CUSTOMER
08-29-2024 10:03:58 [loadTuples:157] DEBUG: Loaded 30 tuples for tableName ORDERS
08-29-2024 10:03:58 [loadTuples:157] DEBUG: Loaded 311 tuples for tableName ORDER_LINE
08-29-2024 10:03:58 [loadTuples:157] DEBUG: Loaded 9 tuples for tableName NEW_ORDER
08-29-2024 10:03:58 [loadTuples:157] DEBUG: Loaded 30 tuples for tableName HISTORY
08-29-2024 10:03:58 [loadTuples:157] DEBUG: Loaded 1 tuples for tableName DISTRICT
08-29-2024 10:03:58 [loadTuples:157] DEBUG: Loaded 30 tuples for tableName CUSTOMER
08-29-2024 10:03:58 [loadTuples:157] DEBUG: Loaded 30 tuples for tableName ORDERS
08-29-2024 10:03:58 [loadTuples:157] DEBUG: Loaded 308 tuples for tableName ORDER_LINE
08-29-2024 10:03:58 [loadTuples:157] DEBUG: Loaded 9 tuples for tableName NEW_ORDER
08-29-2024 10:03:58 [loadTuples:157] DEBUG: Loaded 30 tuples for tableName HISTORY
08-29-2024 10:03:58 [loadWarehouse:169] DEBUG: LOAD - STOCK [W_ID=4]:   499 / 1000
08-29-2024 10:03:58 [loadTuples:157] DEBUG: Loaded 500 tuples for tableName STOCK
08-29-2024 10:03:59 [loadWarehouse:169] DEBUG: LOAD - STOCK [W_ID=4]:   999 / 1000
08-29-2024 10:03:59 [loadTuples:157] DEBUG: Loaded 500 tuples for tableName STOCK
08-29-2024 10:03:59 [loadFinish:164] INFO : Commiting changes to database
08-29-2024 10:07:19 [<module>:240] DEBUG: Loading configuration file '<_io.TextIOWrapper name='/Users/cxdorn/Git/ty-tpcc/pytpcc/sqlite.config' mode='r' encoding='UTF-8'>'
08-29-2024 10:07:19 [<module>:252] INFO : Reseting database
08-29-2024 10:07:26 [loadConfig:133] DEBUG: Deleting database '/tmp/tpcc.db'
08-29-2024 10:07:26 [loadConfig:137] DEBUG: Loading DDL file '/Users/cxdorn/Git/ty-tpcc/pytpcc/tpcc.sql'
08-29-2024 10:07:26 [<module>:255] INFO : Initializing TPC-C benchmark using SqliteDriver
08-29-2024 10:07:26 [<module>:260] DEBUG: Scale Parameters:
1000 items
4 warehouses
10 districts/warehouse
30 customers/district
9 initial new orders/district
08-29-2024 10:07:26 [<module>:265] INFO : Loading TPC-C benchmark data using SqliteDriver
08-29-2024 10:07:26 [execute:059] DEBUG: Loading ITEM table
08-29-2024 10:07:26 [loadItems:086] DEBUG: LOAD - ITEM:   500 / 1000
08-29-2024 10:07:26 [loadTuples:157] DEBUG: Loaded 500 tuples for tableName ITEM
08-29-2024 10:07:26 [loadItems:086] DEBUG: LOAD - ITEM:  1000 / 1000
08-29-2024 10:07:26 [loadTuples:157] DEBUG: Loaded 500 tuples for tableName ITEM
08-29-2024 10:07:26 [loadWarehouse:099] DEBUG: LOAD - WAREHOUSE: 1 / 4
08-29-2024 10:07:26 [loadTuples:157] DEBUG: Loaded 1 tuples for tableName WAREHOUSE
08-29-2024 10:07:26 [loadTuples:157] DEBUG: Loaded 1 tuples for tableName DISTRICT
08-29-2024 10:07:26 [loadTuples:157] DEBUG: Loaded 30 tuples for tableName CUSTOMER
08-29-2024 10:07:26 [loadTuples:157] DEBUG: Loaded 30 tuples for tableName ORDERS
08-29-2024 10:07:26 [loadTuples:157] DEBUG: Loaded 313 tuples for tableName ORDER_LINE
08-29-2024 10:07:26 [loadTuples:157] DEBUG: Loaded 9 tuples for tableName NEW_ORDER
08-29-2024 10:07:26 [loadTuples:157] DEBUG: Loaded 30 tuples for tableName HISTORY
08-29-2024 10:07:27 [loadTuples:157] DEBUG: Loaded 1 tuples for tableName DISTRICT
08-29-2024 10:07:27 [loadTuples:157] DEBUG: Loaded 30 tuples for tableName CUSTOMER
08-29-2024 10:07:27 [loadTuples:157] DEBUG: Loaded 30 tuples for tableName ORDERS
08-29-2024 10:07:27 [loadTuples:157] DEBUG: Loaded 301 tuples for tableName ORDER_LINE
08-29-2024 10:07:27 [loadTuples:157] DEBUG: Loaded 9 tuples for tableName NEW_ORDER
08-29-2024 10:07:27 [loadTuples:157] DEBUG: Loaded 30 tuples for tableName HISTORY
08-29-2024 10:07:27 [loadTuples:157] DEBUG: Loaded 1 tuples for tableName DISTRICT
08-29-2024 10:07:27 [loadTuples:157] DEBUG: Loaded 30 tuples for tableName CUSTOMER
08-29-2024 10:07:27 [loadTuples:157] DEBUG: Loaded 30 tuples for tableName ORDERS
08-29-2024 10:07:27 [loadTuples:157] DEBUG: Loaded 312 tuples for tableName ORDER_LINE
08-29-2024 10:07:27 [loadTuples:157] DEBUG: Loaded 9 tuples for tableName NEW_ORDER
08-29-2024 10:07:27 [loadTuples:157] DEBUG: Loaded 30 tuples for tableName HISTORY
08-29-2024 10:07:27 [loadTuples:157] DEBUG: Loaded 1 tuples for tableName DISTRICT
08-29-2024 10:07:27 [loadTuples:157] DEBUG: Loaded 30 tuples for tableName CUSTOMER
08-29-2024 10:07:27 [loadTuples:157] DEBUG: Loaded 30 tuples for tableName ORDERS
08-29-2024 10:07:27 [loadTuples:157] DEBUG: Loaded 306 tuples for tableName ORDER_LINE
08-29-2024 10:07:27 [loadTuples:157] DEBUG: Loaded 9 tuples for tableName NEW_ORDER
08-29-2024 10:07:27 [loadTuples:157] DEBUG: Loaded 30 tuples for tableName HISTORY
08-29-2024 10:07:27 [loadTuples:157] DEBUG: Loaded 1 tuples for tableName DISTRICT
08-29-2024 10:07:27 [loadTuples:157] DEBUG: Loaded 30 tuples for tableName CUSTOMER
08-29-2024 10:07:27 [loadTuples:157] DEBUG: Loaded 30 tuples for tableName ORDERS
08-29-2024 10:07:27 [loadTuples:157] DEBUG: Loaded 290 tuples for tableName ORDER_LINE
08-29-2024 10:07:27 [loadTuples:157] DEBUG: Loaded 9 tuples for tableName NEW_ORDER
08-29-2024 10:07:27 [loadTuples:157] DEBUG: Loaded 30 tuples for tableName HISTORY
08-29-2024 10:07:27 [loadTuples:157] DEBUG: Loaded 1 tuples for tableName DISTRICT
08-29-2024 10:07:27 [loadTuples:157] DEBUG: Loaded 30 tuples for tableName CUSTOMER
08-29-2024 10:07:27 [loadTuples:157] DEBUG: Loaded 30 tuples for tableName ORDERS
08-29-2024 10:07:27 [loadTuples:157] DEBUG: Loaded 292 tuples for tableName ORDER_LINE
08-29-2024 10:07:27 [loadTuples:157] DEBUG: Loaded 9 tuples for tableName NEW_ORDER
08-29-2024 10:07:27 [loadTuples:157] DEBUG: Loaded 30 tuples for tableName HISTORY
08-29-2024 10:07:27 [loadTuples:157] DEBUG: Loaded 1 tuples for tableName DISTRICT
08-29-2024 10:07:27 [loadTuples:157] DEBUG: Loaded 30 tuples for tableName CUSTOMER
08-29-2024 10:07:27 [loadTuples:157] DEBUG: Loaded 30 tuples for tableName ORDERS
08-29-2024 10:07:27 [loadTuples:157] DEBUG: Loaded 311 tuples for tableName ORDER_LINE
08-29-2024 10:07:27 [loadTuples:157] DEBUG: Loaded 9 tuples for tableName NEW_ORDER
08-29-2024 10:07:27 [loadTuples:157] DEBUG: Loaded 30 tuples for tableName HISTORY
08-29-2024 10:07:27 [loadTuples:157] DEBUG: Loaded 1 tuples for tableName DISTRICT
08-29-2024 10:07:27 [loadTuples:157] DEBUG: Loaded 30 tuples for tableName CUSTOMER
08-29-2024 10:07:27 [loadTuples:157] DEBUG: Loaded 30 tuples for tableName ORDERS
08-29-2024 10:07:27 [loadTuples:157] DEBUG: Loaded 303 tuples for tableName ORDER_LINE
08-29-2024 10:07:27 [loadTuples:157] DEBUG: Loaded 9 tuples for tableName NEW_ORDER
08-29-2024 10:07:27 [loadTuples:157] DEBUG: Loaded 30 tuples for tableName HISTORY
08-29-2024 10:07:27 [loadTuples:157] DEBUG: Loaded 1 tuples for tableName DISTRICT
08-29-2024 10:07:27 [loadTuples:157] DEBUG: Loaded 30 tuples for tableName CUSTOMER
08-29-2024 10:07:27 [loadTuples:157] DEBUG: Loaded 30 tuples for tableName ORDERS
08-29-2024 10:07:27 [loadTuples:157] DEBUG: Loaded 314 tuples for tableName ORDER_LINE
08-29-2024 10:07:27 [loadTuples:157] DEBUG: Loaded 9 tuples for tableName NEW_ORDER
08-29-2024 10:07:27 [loadTuples:157] DEBUG: Loaded 30 tuples for tableName HISTORY
08-29-2024 10:07:27 [loadTuples:157] DEBUG: Loaded 1 tuples for tableName DISTRICT
08-29-2024 10:07:27 [loadTuples:157] DEBUG: Loaded 30 tuples for tableName CUSTOMER
08-29-2024 10:07:27 [loadTuples:157] DEBUG: Loaded 30 tuples for tableName ORDERS
08-29-2024 10:07:27 [loadTuples:157] DEBUG: Loaded 312 tuples for tableName ORDER_LINE
08-29-2024 10:07:27 [loadTuples:157] DEBUG: Loaded 9 tuples for tableName NEW_ORDER
08-29-2024 10:07:27 [loadTuples:157] DEBUG: Loaded 30 tuples for tableName HISTORY
08-29-2024 10:07:27 [loadWarehouse:169] DEBUG: LOAD - STOCK [W_ID=1]:   499 / 1000
08-29-2024 10:07:27 [loadTuples:157] DEBUG: Loaded 500 tuples for tableName STOCK
08-29-2024 10:07:28 [loadWarehouse:169] DEBUG: LOAD - STOCK [W_ID=1]:   999 / 1000
08-29-2024 10:07:28 [loadTuples:157] DEBUG: Loaded 500 tuples for tableName STOCK
08-29-2024 10:07:28 [loadWarehouse:099] DEBUG: LOAD - WAREHOUSE: 2 / 4
08-29-2024 10:07:28 [loadTuples:157] DEBUG: Loaded 1 tuples for tableName WAREHOUSE
08-29-2024 10:07:28 [loadTuples:157] DEBUG: Loaded 1 tuples for tableName DISTRICT
08-29-2024 10:07:28 [loadTuples:157] DEBUG: Loaded 30 tuples for tableName CUSTOMER
08-29-2024 10:07:28 [loadTuples:157] DEBUG: Loaded 30 tuples for tableName ORDERS
08-29-2024 10:07:28 [loadTuples:157] DEBUG: Loaded 339 tuples for tableName ORDER_LINE
08-29-2024 10:07:28 [loadTuples:157] DEBUG: Loaded 9 tuples for tableName NEW_ORDER
08-29-2024 10:07:28 [loadTuples:157] DEBUG: Loaded 30 tuples for tableName HISTORY
08-29-2024 10:07:28 [loadTuples:157] DEBUG: Loaded 1 tuples for tableName DISTRICT
08-29-2024 10:07:28 [loadTuples:157] DEBUG: Loaded 30 tuples for tableName CUSTOMER
08-29-2024 10:07:28 [loadTuples:157] DEBUG: Loaded 30 tuples for tableName ORDERS
08-29-2024 10:07:28 [loadTuples:157] DEBUG: Loaded 310 tuples for tableName ORDER_LINE
08-29-2024 10:07:28 [loadTuples:157] DEBUG: Loaded 9 tuples for tableName NEW_ORDER
08-29-2024 10:07:28 [loadTuples:157] DEBUG: Loaded 30 tuples for tableName HISTORY
08-29-2024 10:07:28 [loadTuples:157] DEBUG: Loaded 1 tuples for tableName DISTRICT
08-29-2024 10:07:28 [loadTuples:157] DEBUG: Loaded 30 tuples for tableName CUSTOMER
08-29-2024 10:07:28 [loadTuples:157] DEBUG: Loaded 30 tuples for tableName ORDERS
08-29-2024 10:07:28 [loadTuples:157] DEBUG: Loaded 305 tuples for tableName ORDER_LINE
08-29-2024 10:07:28 [loadTuples:157] DEBUG: Loaded 9 tuples for tableName NEW_ORDER
08-29-2024 10:07:28 [loadTuples:157] DEBUG: Loaded 30 tuples for tableName HISTORY
08-29-2024 10:07:28 [loadTuples:157] DEBUG: Loaded 1 tuples for tableName DISTRICT
08-29-2024 10:07:28 [loadTuples:157] DEBUG: Loaded 30 tuples for tableName CUSTOMER
08-29-2024 10:07:28 [loadTuples:157] DEBUG: Loaded 30 tuples for tableName ORDERS
08-29-2024 10:07:28 [loadTuples:157] DEBUG: Loaded 299 tuples for tableName ORDER_LINE
08-29-2024 10:07:28 [loadTuples:157] DEBUG: Loaded 9 tuples for tableName NEW_ORDER
08-29-2024 10:07:28 [loadTuples:157] DEBUG: Loaded 30 tuples for tableName HISTORY
08-29-2024 10:07:28 [loadTuples:157] DEBUG: Loaded 1 tuples for tableName DISTRICT
08-29-2024 10:07:28 [loadTuples:157] DEBUG: Loaded 30 tuples for tableName CUSTOMER
08-29-2024 10:07:28 [loadTuples:157] DEBUG: Loaded 30 tuples for tableName ORDERS
08-29-2024 10:07:28 [loadTuples:157] DEBUG: Loaded 311 tuples for tableName ORDER_LINE
08-29-2024 10:07:28 [loadTuples:157] DEBUG: Loaded 9 tuples for tableName NEW_ORDER
08-29-2024 10:07:28 [loadTuples:157] DEBUG: Loaded 30 tuples for tableName HISTORY
08-29-2024 10:07:28 [loadTuples:157] DEBUG: Loaded 1 tuples for tableName DISTRICT
08-29-2024 10:07:28 [loadTuples:157] DEBUG: Loaded 30 tuples for tableName CUSTOMER
08-29-2024 10:07:28 [loadTuples:157] DEBUG: Loaded 30 tuples for tableName ORDERS
08-29-2024 10:07:28 [loadTuples:157] DEBUG: Loaded 285 tuples for tableName ORDER_LINE
08-29-2024 10:07:28 [loadTuples:157] DEBUG: Loaded 9 tuples for tableName NEW_ORDER
08-29-2024 10:07:28 [loadTuples:157] DEBUG: Loaded 30 tuples for tableName HISTORY
08-29-2024 10:07:28 [loadTuples:157] DEBUG: Loaded 1 tuples for tableName DISTRICT
08-29-2024 10:07:28 [loadTuples:157] DEBUG: Loaded 30 tuples for tableName CUSTOMER
08-29-2024 10:07:28 [loadTuples:157] DEBUG: Loaded 30 tuples for tableName ORDERS
08-29-2024 10:07:28 [loadTuples:157] DEBUG: Loaded 269 tuples for tableName ORDER_LINE
08-29-2024 10:07:28 [loadTuples:157] DEBUG: Loaded 9 tuples for tableName NEW_ORDER
08-29-2024 10:07:28 [loadTuples:157] DEBUG: Loaded 30 tuples for tableName HISTORY
08-29-2024 10:07:28 [loadTuples:157] DEBUG: Loaded 1 tuples for tableName DISTRICT
08-29-2024 10:07:28 [loadTuples:157] DEBUG: Loaded 30 tuples for tableName CUSTOMER
08-29-2024 10:07:28 [loadTuples:157] DEBUG: Loaded 30 tuples for tableName ORDERS
08-29-2024 10:07:28 [loadTuples:157] DEBUG: Loaded 271 tuples for tableName ORDER_LINE
08-29-2024 10:07:28 [loadTuples:157] DEBUG: Loaded 9 tuples for tableName NEW_ORDER
08-29-2024 10:07:28 [loadTuples:157] DEBUG: Loaded 30 tuples for tableName HISTORY
08-29-2024 10:07:28 [loadTuples:157] DEBUG: Loaded 1 tuples for tableName DISTRICT
08-29-2024 10:07:28 [loadTuples:157] DEBUG: Loaded 30 tuples for tableName CUSTOMER
08-29-2024 10:07:28 [loadTuples:157] DEBUG: Loaded 30 tuples for tableName ORDERS
08-29-2024 10:07:28 [loadTuples:157] DEBUG: Loaded 292 tuples for tableName ORDER_LINE
08-29-2024 10:07:28 [loadTuples:157] DEBUG: Loaded 9 tuples for tableName NEW_ORDER
08-29-2024 10:07:28 [loadTuples:157] DEBUG: Loaded 30 tuples for tableName HISTORY
08-29-2024 10:07:28 [loadTuples:157] DEBUG: Loaded 1 tuples for tableName DISTRICT
08-29-2024 10:07:28 [loadTuples:157] DEBUG: Loaded 30 tuples for tableName CUSTOMER
08-29-2024 10:07:28 [loadTuples:157] DEBUG: Loaded 30 tuples for tableName ORDERS
08-29-2024 10:07:28 [loadTuples:157] DEBUG: Loaded 280 tuples for tableName ORDER_LINE
08-29-2024 10:07:28 [loadTuples:157] DEBUG: Loaded 9 tuples for tableName NEW_ORDER
08-29-2024 10:07:28 [loadTuples:157] DEBUG: Loaded 30 tuples for tableName HISTORY
08-29-2024 10:07:29 [loadWarehouse:169] DEBUG: LOAD - STOCK [W_ID=2]:   499 / 1000
08-29-2024 10:07:29 [loadTuples:157] DEBUG: Loaded 500 tuples for tableName STOCK
08-29-2024 10:07:29 [loadWarehouse:169] DEBUG: LOAD - STOCK [W_ID=2]:   999 / 1000
08-29-2024 10:07:29 [loadTuples:157] DEBUG: Loaded 500 tuples for tableName STOCK
08-29-2024 10:07:29 [loadWarehouse:099] DEBUG: LOAD - WAREHOUSE: 3 / 4
08-29-2024 10:07:29 [loadTuples:157] DEBUG: Loaded 1 tuples for tableName WAREHOUSE
08-29-2024 10:07:29 [loadTuples:157] DEBUG: Loaded 1 tuples for tableName DISTRICT
08-29-2024 10:07:29 [loadTuples:157] DEBUG: Loaded 30 tuples for tableName CUSTOMER
08-29-2024 10:07:29 [loadTuples:157] DEBUG: Loaded 30 tuples for tableName ORDERS
08-29-2024 10:07:29 [loadTuples:157] DEBUG: Loaded 295 tuples for tableName ORDER_LINE
08-29-2024 10:07:29 [loadTuples:157] DEBUG: Loaded 9 tuples for tableName NEW_ORDER
08-29-2024 10:07:29 [loadTuples:157] DEBUG: Loaded 30 tuples for tableName HISTORY
08-29-2024 10:07:29 [loadTuples:157] DEBUG: Loaded 1 tuples for tableName DISTRICT
08-29-2024 10:07:29 [loadTuples:157] DEBUG: Loaded 30 tuples for tableName CUSTOMER
08-29-2024 10:07:29 [loadTuples:157] DEBUG: Loaded 30 tuples for tableName ORDERS
08-29-2024 10:07:29 [loadTuples:157] DEBUG: Loaded 273 tuples for tableName ORDER_LINE
08-29-2024 10:07:29 [loadTuples:157] DEBUG: Loaded 9 tuples for tableName NEW_ORDER
08-29-2024 10:07:29 [loadTuples:157] DEBUG: Loaded 30 tuples for tableName HISTORY
08-29-2024 10:07:29 [loadTuples:157] DEBUG: Loaded 1 tuples for tableName DISTRICT
08-29-2024 10:07:29 [loadTuples:157] DEBUG: Loaded 30 tuples for tableName CUSTOMER
08-29-2024 10:07:29 [loadTuples:157] DEBUG: Loaded 30 tuples for tableName ORDERS
08-29-2024 10:07:29 [loadTuples:157] DEBUG: Loaded 312 tuples for tableName ORDER_LINE
08-29-2024 10:07:29 [loadTuples:157] DEBUG: Loaded 9 tuples for tableName NEW_ORDER
08-29-2024 10:07:29 [loadTuples:157] DEBUG: Loaded 30 tuples for tableName HISTORY
08-29-2024 10:07:29 [loadTuples:157] DEBUG: Loaded 1 tuples for tableName DISTRICT
08-29-2024 10:07:29 [loadTuples:157] DEBUG: Loaded 30 tuples for tableName CUSTOMER
08-29-2024 10:07:29 [loadTuples:157] DEBUG: Loaded 30 tuples for tableName ORDERS
08-29-2024 10:07:29 [loadTuples:157] DEBUG: Loaded 307 tuples for tableName ORDER_LINE
08-29-2024 10:07:29 [loadTuples:157] DEBUG: Loaded 9 tuples for tableName NEW_ORDER
08-29-2024 10:07:29 [loadTuples:157] DEBUG: Loaded 30 tuples for tableName HISTORY
08-29-2024 10:07:29 [loadTuples:157] DEBUG: Loaded 1 tuples for tableName DISTRICT
08-29-2024 10:07:29 [loadTuples:157] DEBUG: Loaded 30 tuples for tableName CUSTOMER
08-29-2024 10:07:29 [loadTuples:157] DEBUG: Loaded 30 tuples for tableName ORDERS
08-29-2024 10:07:29 [loadTuples:157] DEBUG: Loaded 303 tuples for tableName ORDER_LINE
08-29-2024 10:07:29 [loadTuples:157] DEBUG: Loaded 9 tuples for tableName NEW_ORDER
08-29-2024 10:07:29 [loadTuples:157] DEBUG: Loaded 30 tuples for tableName HISTORY
08-29-2024 10:07:29 [loadTuples:157] DEBUG: Loaded 1 tuples for tableName DISTRICT
08-29-2024 10:07:29 [loadTuples:157] DEBUG: Loaded 30 tuples for tableName CUSTOMER
08-29-2024 10:07:29 [loadTuples:157] DEBUG: Loaded 30 tuples for tableName ORDERS
08-29-2024 10:07:29 [loadTuples:157] DEBUG: Loaded 305 tuples for tableName ORDER_LINE
08-29-2024 10:07:29 [loadTuples:157] DEBUG: Loaded 9 tuples for tableName NEW_ORDER
08-29-2024 10:07:29 [loadTuples:157] DEBUG: Loaded 30 tuples for tableName HISTORY
08-29-2024 10:07:29 [loadTuples:157] DEBUG: Loaded 1 tuples for tableName DISTRICT
08-29-2024 10:07:29 [loadTuples:157] DEBUG: Loaded 30 tuples for tableName CUSTOMER
08-29-2024 10:07:29 [loadTuples:157] DEBUG: Loaded 30 tuples for tableName ORDERS
08-29-2024 10:07:29 [loadTuples:157] DEBUG: Loaded 323 tuples for tableName ORDER_LINE
08-29-2024 10:07:29 [loadTuples:157] DEBUG: Loaded 9 tuples for tableName NEW_ORDER
08-29-2024 10:07:29 [loadTuples:157] DEBUG: Loaded 30 tuples for tableName HISTORY
08-29-2024 10:07:29 [loadTuples:157] DEBUG: Loaded 1 tuples for tableName DISTRICT
08-29-2024 10:07:29 [loadTuples:157] DEBUG: Loaded 30 tuples for tableName CUSTOMER
08-29-2024 10:07:29 [loadTuples:157] DEBUG: Loaded 30 tuples for tableName ORDERS
08-29-2024 10:07:29 [loadTuples:157] DEBUG: Loaded 320 tuples for tableName ORDER_LINE
08-29-2024 10:07:29 [loadTuples:157] DEBUG: Loaded 9 tuples for tableName NEW_ORDER
08-29-2024 10:07:29 [loadTuples:157] DEBUG: Loaded 30 tuples for tableName HISTORY
08-29-2024 10:07:29 [loadTuples:157] DEBUG: Loaded 1 tuples for tableName DISTRICT
08-29-2024 10:07:29 [loadTuples:157] DEBUG: Loaded 30 tuples for tableName CUSTOMER
08-29-2024 10:07:29 [loadTuples:157] DEBUG: Loaded 30 tuples for tableName ORDERS
08-29-2024 10:07:29 [loadTuples:157] DEBUG: Loaded 290 tuples for tableName ORDER_LINE
08-29-2024 10:07:29 [loadTuples:157] DEBUG: Loaded 9 tuples for tableName NEW_ORDER
08-29-2024 10:07:29 [loadTuples:157] DEBUG: Loaded 30 tuples for tableName HISTORY
08-29-2024 10:07:30 [loadTuples:157] DEBUG: Loaded 1 tuples for tableName DISTRICT
08-29-2024 10:07:30 [loadTuples:157] DEBUG: Loaded 30 tuples for tableName CUSTOMER
08-29-2024 10:07:30 [loadTuples:157] DEBUG: Loaded 30 tuples for tableName ORDERS
08-29-2024 10:07:30 [loadTuples:157] DEBUG: Loaded 295 tuples for tableName ORDER_LINE
08-29-2024 10:07:30 [loadTuples:157] DEBUG: Loaded 9 tuples for tableName NEW_ORDER
08-29-2024 10:07:30 [loadTuples:157] DEBUG: Loaded 30 tuples for tableName HISTORY
08-29-2024 10:07:30 [loadWarehouse:169] DEBUG: LOAD - STOCK [W_ID=3]:   499 / 1000
08-29-2024 10:07:30 [loadTuples:157] DEBUG: Loaded 500 tuples for tableName STOCK
08-29-2024 10:07:30 [loadWarehouse:169] DEBUG: LOAD - STOCK [W_ID=3]:   999 / 1000
08-29-2024 10:07:30 [loadTuples:157] DEBUG: Loaded 500 tuples for tableName STOCK
08-29-2024 10:07:30 [loadWarehouse:099] DEBUG: LOAD - WAREHOUSE: 4 / 4
08-29-2024 10:07:30 [loadTuples:157] DEBUG: Loaded 1 tuples for tableName WAREHOUSE
08-29-2024 10:07:30 [loadTuples:157] DEBUG: Loaded 1 tuples for tableName DISTRICT
08-29-2024 10:07:30 [loadTuples:157] DEBUG: Loaded 30 tuples for tableName CUSTOMER
08-29-2024 10:07:30 [loadTuples:157] DEBUG: Loaded 30 tuples for tableName ORDERS
08-29-2024 10:07:30 [loadTuples:157] DEBUG: Loaded 300 tuples for tableName ORDER_LINE
08-29-2024 10:07:30 [loadTuples:157] DEBUG: Loaded 9 tuples for tableName NEW_ORDER
08-29-2024 10:07:30 [loadTuples:157] DEBUG: Loaded 30 tuples for tableName HISTORY
08-29-2024 10:07:30 [loadTuples:157] DEBUG: Loaded 1 tuples for tableName DISTRICT
08-29-2024 10:07:30 [loadTuples:157] DEBUG: Loaded 30 tuples for tableName CUSTOMER
08-29-2024 10:07:30 [loadTuples:157] DEBUG: Loaded 30 tuples for tableName ORDERS
08-29-2024 10:07:30 [loadTuples:157] DEBUG: Loaded 268 tuples for tableName ORDER_LINE
08-29-2024 10:07:30 [loadTuples:157] DEBUG: Loaded 9 tuples for tableName NEW_ORDER
08-29-2024 10:07:30 [loadTuples:157] DEBUG: Loaded 30 tuples for tableName HISTORY
08-29-2024 10:07:30 [loadTuples:157] DEBUG: Loaded 1 tuples for tableName DISTRICT
08-29-2024 10:07:30 [loadTuples:157] DEBUG: Loaded 30 tuples for tableName CUSTOMER
08-29-2024 10:07:30 [loadTuples:157] DEBUG: Loaded 30 tuples for tableName ORDERS
08-29-2024 10:07:30 [loadTuples:157] DEBUG: Loaded 299 tuples for tableName ORDER_LINE
08-29-2024 10:07:30 [loadTuples:157] DEBUG: Loaded 9 tuples for tableName NEW_ORDER
08-29-2024 10:07:30 [loadTuples:157] DEBUG: Loaded 30 tuples for tableName HISTORY
08-29-2024 10:07:30 [loadTuples:157] DEBUG: Loaded 1 tuples for tableName DISTRICT
08-29-2024 10:07:30 [loadTuples:157] DEBUG: Loaded 30 tuples for tableName CUSTOMER
08-29-2024 10:07:30 [loadTuples:157] DEBUG: Loaded 30 tuples for tableName ORDERS
08-29-2024 10:07:30 [loadTuples:157] DEBUG: Loaded 302 tuples for tableName ORDER_LINE
08-29-2024 10:07:30 [loadTuples:157] DEBUG: Loaded 9 tuples for tableName NEW_ORDER
08-29-2024 10:07:30 [loadTuples:157] DEBUG: Loaded 30 tuples for tableName HISTORY
08-29-2024 10:07:30 [loadTuples:157] DEBUG: Loaded 1 tuples for tableName DISTRICT
08-29-2024 10:07:30 [loadTuples:157] DEBUG: Loaded 30 tuples for tableName CUSTOMER
08-29-2024 10:07:30 [loadTuples:157] DEBUG: Loaded 30 tuples for tableName ORDERS
08-29-2024 10:07:30 [loadTuples:157] DEBUG: Loaded 321 tuples for tableName ORDER_LINE
08-29-2024 10:07:30 [loadTuples:157] DEBUG: Loaded 9 tuples for tableName NEW_ORDER
08-29-2024 10:07:30 [loadTuples:157] DEBUG: Loaded 30 tuples for tableName HISTORY
08-29-2024 10:07:31 [loadTuples:157] DEBUG: Loaded 1 tuples for tableName DISTRICT
08-29-2024 10:07:31 [loadTuples:157] DEBUG: Loaded 30 tuples for tableName CUSTOMER
08-29-2024 10:07:31 [loadTuples:157] DEBUG: Loaded 30 tuples for tableName ORDERS
08-29-2024 10:07:31 [loadTuples:157] DEBUG: Loaded 291 tuples for tableName ORDER_LINE
08-29-2024 10:07:31 [loadTuples:157] DEBUG: Loaded 9 tuples for tableName NEW_ORDER
08-29-2024 10:07:31 [loadTuples:157] DEBUG: Loaded 30 tuples for tableName HISTORY
08-29-2024 10:07:31 [loadTuples:157] DEBUG: Loaded 1 tuples for tableName DISTRICT
08-29-2024 10:07:31 [loadTuples:157] DEBUG: Loaded 30 tuples for tableName CUSTOMER
08-29-2024 10:07:31 [loadTuples:157] DEBUG: Loaded 30 tuples for tableName ORDERS
08-29-2024 10:07:31 [loadTuples:157] DEBUG: Loaded 307 tuples for tableName ORDER_LINE
08-29-2024 10:07:31 [loadTuples:157] DEBUG: Loaded 9 tuples for tableName NEW_ORDER
08-29-2024 10:07:31 [loadTuples:157] DEBUG: Loaded 30 tuples for tableName HISTORY
08-29-2024 10:07:31 [loadTuples:157] DEBUG: Loaded 1 tuples for tableName DISTRICT
08-29-2024 10:07:31 [loadTuples:157] DEBUG: Loaded 30 tuples for tableName CUSTOMER
08-29-2024 10:07:31 [loadTuples:157] DEBUG: Loaded 30 tuples for tableName ORDERS
08-29-2024 10:07:31 [loadTuples:157] DEBUG: Loaded 313 tuples for tableName ORDER_LINE
08-29-2024 10:07:31 [loadTuples:157] DEBUG: Loaded 9 tuples for tableName NEW_ORDER
08-29-2024 10:07:31 [loadTuples:157] DEBUG: Loaded 30 tuples for tableName HISTORY
08-29-2024 10:07:31 [loadTuples:157] DEBUG: Loaded 1 tuples for tableName DISTRICT
08-29-2024 10:07:31 [loadTuples:157] DEBUG: Loaded 30 tuples for tableName CUSTOMER
08-29-2024 10:07:31 [loadTuples:157] DEBUG: Loaded 30 tuples for tableName ORDERS
08-29-2024 10:07:31 [loadTuples:157] DEBUG: Loaded 351 tuples for tableName ORDER_LINE
08-29-2024 10:07:31 [loadTuples:157] DEBUG: Loaded 9 tuples for tableName NEW_ORDER
08-29-2024 10:07:31 [loadTuples:157] DEBUG: Loaded 30 tuples for tableName HISTORY
08-29-2024 10:07:31 [loadTuples:157] DEBUG: Loaded 1 tuples for tableName DISTRICT
08-29-2024 10:07:31 [loadTuples:157] DEBUG: Loaded 30 tuples for tableName CUSTOMER
08-29-2024 10:07:31 [loadTuples:157] DEBUG: Loaded 30 tuples for tableName ORDERS
08-29-2024 10:07:31 [loadTuples:157] DEBUG: Loaded 301 tuples for tableName ORDER_LINE
08-29-2024 10:07:31 [loadTuples:157] DEBUG: Loaded 9 tuples for tableName NEW_ORDER
08-29-2024 10:07:31 [loadTuples:157] DEBUG: Loaded 30 tuples for tableName HISTORY
08-29-2024 10:07:31 [loadWarehouse:169] DEBUG: LOAD - STOCK [W_ID=4]:   499 / 1000
08-29-2024 10:07:31 [loadTuples:157] DEBUG: Loaded 500 tuples for tableName STOCK
08-29-2024 10:07:31 [loadWarehouse:169] DEBUG: LOAD - STOCK [W_ID=4]:   999 / 1000
08-29-2024 10:07:31 [loadTuples:157] DEBUG: Loaded 500 tuples for tableName STOCK
08-29-2024 10:07:31 [loadFinish:164] INFO : Commiting changes to database
